TN:
SF:src/constants.ts
FNF:0
FNH:0
DA:1,1
DA:2,1
DA:3,1
DA:4,1
DA:5,1
DA:6,1
DA:7,1
DA:8,1
DA:9,1
DA:10,1
DA:11,1
DA:12,1
LF:12
LH:12
BRDA:12,0,0,12
BRF:1
BRH:1
end_of_record
TN:
SF:src/errors.ts
FN:9,AccountTransactionNotFound
FN:20,TransactionExecutionFailure
FN:26,TransactionExpiredError
FN:34,TransactionSequenceNumberConflictError
FN:45,FaucetTransportError
FN:51,FaucetNetworkError
FN:57,LibraChainIDMismatchError
FN:63,LibraNetworkStaleError
FN:71,LibraClientError
FN:165,getErrorFromErrorPayload
FNF:10
FNH:8
FNDA:2,AccountTransactionNotFound
FNDA:2,TransactionExecutionFailure
FNDA:0,TransactionExpiredError
FNDA:0,TransactionSequenceNumberConflictError
FNDA:1,FaucetTransportError
FNDA:1,FaucetNetworkError
FNDA:1,LibraChainIDMismatchError
FNDA:2,LibraNetworkStaleError
FNDA:28,LibraClientError
FNDA:28,getErrorFromErrorPayload
DA:1,1
DA:2,1
DA:3,1
DA:4,1
DA:5,1
DA:6,1
DA:7,1
DA:8,1
DA:9,1
DA:10,2
DA:11,2
DA:12,2
DA:13,2
DA:14,2
DA:15,2
DA:16,2
DA:17,1
DA:18,1
DA:19,1
DA:20,1
DA:21,2
DA:22,2
DA:23,1
DA:24,1
DA:25,1
DA:26,1
DA:27,0
DA:28,0
DA:29,0
DA:30,0
DA:31,1
DA:32,1
DA:33,1
DA:34,1
DA:35,0
DA:36,0
DA:37,0
DA:38,0
DA:39,0
DA:40,0
DA:41,0
DA:42,1
DA:43,1
DA:44,1
DA:45,1
DA:46,1
DA:47,1
DA:48,1
DA:49,1
DA:50,1
DA:51,1
DA:52,1
DA:53,1
DA:54,1
DA:55,1
DA:56,1
DA:57,1
DA:58,1
DA:59,1
DA:60,1
DA:61,1
DA:62,1
DA:63,1
DA:64,2
DA:65,2
DA:66,2
DA:67,2
DA:68,1
DA:69,1
DA:70,1
DA:71,1
DA:72,28
DA:73,28
DA:74,1
DA:75,1
DA:76,1
DA:77,1
DA:78,1
DA:79,1
DA:80,1
DA:81,1
DA:82,1
DA:83,1
DA:84,1
DA:85,1
DA:86,1
DA:87,1
DA:88,1
DA:89,1
DA:90,1
DA:91,1
DA:92,1
DA:93,1
DA:94,1
DA:95,1
DA:96,1
DA:97,1
DA:98,1
DA:99,1
DA:100,1
DA:101,1
DA:102,1
DA:103,1
DA:104,1
DA:105,1
DA:106,1
DA:107,1
DA:108,1
DA:109,1
DA:110,1
DA:111,1
DA:112,1
DA:113,1
DA:114,1
DA:115,1
DA:116,1
DA:117,1
DA:118,1
DA:119,1
DA:120,1
DA:121,1
DA:122,1
DA:123,1
DA:124,1
DA:125,1
DA:126,1
DA:127,1
DA:128,1
DA:129,1
DA:130,1
DA:131,1
DA:132,1
DA:133,1
DA:134,1
DA:135,1
DA:136,1
DA:137,1
DA:138,1
DA:139,1
DA:140,1
DA:141,1
DA:142,1
DA:143,1
DA:144,1
DA:145,1
DA:146,1
DA:147,1
DA:148,1
DA:149,1
DA:150,1
DA:151,1
DA:152,1
DA:153,1
DA:154,1
DA:155,1
DA:156,1
DA:157,1
DA:158,1
DA:159,1
DA:160,1
DA:161,1
DA:162,1
DA:163,1
DA:164,1
DA:165,28
DA:166,28
DA:167,27
DA:168,27
DA:169,1
DA:170,1
LF:170
LH:159
BRDA:170,0,0,10
BRDA:9,1,0,2
BRDA:20,2,0,2
BRDA:45,3,0,1
BRDA:51,4,0,1
BRDA:57,5,0,1
BRDA:63,6,0,2
BRDA:71,7,0,28
BRDA:165,8,0,28
BRDA:166,9,0,27
BRDA:168,10,0,1
BRF:11
BRH:11
end_of_record
TN:
SF:src/index.ts
FN:8,get
FN:8,__exportStar
FN:8,__importDefault
FNF:3
FNH:3
FNDA:63,get
FNDA:8,__exportStar
FNDA:12,__importDefault
DA:1,1
DA:2,1
DA:3,1
DA:4,1
DA:5,1
DA:6,1
DA:7,1
DA:8,1
LF:8
LH:8
BRDA:8,0,0,4
BRDA:8,1,0,0
BRDA:8,2,0,156
BRDA:8,3,0,63
BRDA:8,4,0,8
BRDA:8,5,0,156
BRDA:8,6,0,12
BRDA:8,7,0,0
BRF:8
BRH:6
end_of_record
TN:
SF:src/libraClient.ts
FN:222,__awaiter
FN:222,adopt
FN:222,fulfilled
FN:222,rejected
FN:222,step
FN:222,__importDefault
FN:44,LibraClient
FN:49,jsonRpcCall
FN:71,validateChainID
FN:77,validateLedger
FN:93,getTransactions
FN:105,getAccount
FN:111,getAccountTransaction
FN:122,getAccountTransactions
FN:134,getMetadata
FN:138,getCurrencies
FN:142,getEvents
FN:154,waitForTransaction
FN:194,waitForTransactionUnsafe
FN:215,submitRawSignedTransaction
FNF:20
FNH:20
FNDA:328,__awaiter
FNDA:399,adopt
FNDA:380,fulfilled
FNDA:19,rejected
FNDA:703,step
FNDA:18,__importDefault
FNDA:42,LibraClient
FNDA:158,jsonRpcCall
FNDA:142,validateChainID
FNDA:141,validateLedger
FNDA:9,getTransactions
FNDA:6,getAccount
FNDA:123,getAccountTransaction
FNDA:4,getAccountTransactions
FNDA:4,getMetadata
FNDA:3,getCurrencies
FNDA:3,getEvents
FNDA:4,waitForTransaction
FNDA:8,waitForTransactionUnsafe
FNDA:6,submitRawSignedTransaction
DA:1,1
DA:2,1
DA:3,1
DA:4,1
DA:5,1
DA:6,1
DA:7,1
DA:8,1
DA:9,1
DA:10,1
DA:11,1
DA:12,1
DA:13,1
DA:14,1
DA:15,1
DA:16,1
DA:17,1
DA:18,1
DA:19,1
DA:20,1
DA:21,1
DA:22,1
DA:23,1
DA:24,1
DA:25,1
DA:26,1
DA:27,1
DA:28,1
DA:29,1
DA:30,1
DA:31,1
DA:32,1
DA:33,1
DA:34,1
DA:35,1
DA:36,1
DA:37,1
DA:38,1
DA:39,1
DA:40,1
DA:41,1
DA:42,1
DA:43,1
DA:44,1
DA:45,42
DA:46,42
DA:47,42
DA:48,1
DA:49,1
DA:50,158
DA:51,158
DA:52,158
DA:53,158
DA:54,158
DA:55,142
DA:56,142
DA:57,142
DA:58,142
DA:59,142
DA:60,142
DA:61,142
DA:62,142
DA:63,158
DA:64,19
DA:65,8
DA:66,8
DA:67,11
DA:68,11
DA:69,158
DA:70,1
DA:71,1
DA:72,142
DA:73,1
DA:74,1
DA:75,142
DA:76,1
DA:77,1
DA:78,141
DA:79,141
DA:80,141
DA:81,119
DA:82,119
DA:83,119
DA:84,118
DA:85,118
DA:86,119
DA:87,141
DA:88,2
DA:89,2
DA:90,139
DA:91,139
DA:92,1
DA:93,1
DA:94,9
DA:95,9
DA:96,9
DA:97,9
DA:98,9
DA:99,9
DA:100,9
DA:101,9
DA:102,9
DA:103,9
DA:104,1
DA:105,1
DA:106,6
DA:107,6
DA:108,6
DA:109,6
DA:110,1
DA:111,1
DA:112,123
DA:113,123
DA:114,123
DA:115,123
DA:116,123
DA:117,123
DA:118,123
DA:119,123
DA:120,123
DA:121,1
DA:122,1
DA:123,4
DA:124,4
DA:125,4
DA:126,4
DA:127,4
DA:128,4
DA:129,4
DA:130,4
DA:131,4
DA:132,4
DA:133,1
DA:134,1
DA:135,4
DA:136,4
DA:137,1
DA:138,1
DA:139,3
DA:140,3
DA:141,1
DA:142,1
DA:143,3
DA:144,3
DA:145,3
DA:146,3
DA:147,3
DA:148,3
DA:149,3
DA:150,3
DA:151,3
DA:152,3
DA:153,1
DA:154,1
DA:155,4
DA:156,4
DA:157,4
DA:158,4
DA:159,4
DA:160,4
DA:161,4
DA:162,4
DA:163,4
DA:164,4
DA:165,4
DA:166,4
DA:167,4
DA:168,3
DA:169,4
DA:170,0
DA:171,0
DA:172,0
DA:173,0
DA:174,0
DA:175,3
DA:176,3
DA:177,4
DA:178,4
DA:179,4
DA:180,0
DA:181,0
DA:182,0
DA:183,0
DA:184,0
DA:185,3
DA:186,4
DA:187,1
DA:188,1
DA:189,1
DA:190,4
DA:191,4
DA:192,4
DA:193,1
DA:194,1
DA:195,8
DA:196,8
DA:197,8
DA:198,8
DA:199,8
DA:200,8
DA:201,8
DA:202,119
DA:203,119
DA:204,119
DA:205,119
DA:206,119
DA:207,119
DA:208,7
DA:209,7
DA:210,112
DA:211,112
DA:212,1
DA:213,1
DA:214,1
DA:215,1
DA:216,6
DA:217,6
DA:218,6
DA:219,6
DA:220,6
DA:221,4
DA:222,1
LF:222
LH:212
BRDA:222,0,0,9
BRDA:222,1,0,328
BRDA:222,2,0,399
BRDA:222,3,0,281
BRDA:222,4,0,118
BRDA:222,5,0,118
BRDA:222,6,0,328
BRDA:222,7,0,380
BRDA:222,8,0,5
BRDA:222,9,0,19
BRDA:222,10,0,703
BRDA:222,11,0,304
BRDA:222,12,0,399
BRDA:222,13,0,18
BRDA:222,14,0,0
BRDA:44,15,0,42
BRDA:49,16,0,158
BRDA:222,17,0,158
BRDA:54,18,0,142
BRDA:63,19,0,19
BRDA:64,20,0,8
BRDA:66,21,0,11
BRDA:71,22,0,142
BRDA:72,23,0,1
BRDA:77,24,0,141
BRDA:80,25,0,119
BRDA:83,26,0,118
BRDA:87,27,0,2
BRDA:89,28,0,139
BRDA:93,29,0,9
BRDA:222,30,0,9
BRDA:105,31,0,6
BRDA:222,32,0,6
BRDA:111,33,0,123
BRDA:222,34,0,123
BRDA:122,35,0,4
BRDA:222,36,0,4
BRDA:134,37,0,4
BRDA:222,38,0,4
BRDA:138,39,0,3
BRDA:222,40,0,3
BRDA:142,41,0,3
BRDA:222,42,0,3
BRDA:154,43,0,4
BRDA:222,44,0,4
BRDA:167,45,0,3
BRDA:169,46,0,0
BRDA:174,47,0,3
BRDA:177,48,0,0
BRDA:177,49,0,3
BRDA:179,50,0,0
BRDA:184,51,0,3
BRDA:186,52,0,0
BRDA:186,53,0,3
BRDA:186,54,0,1
BRDA:187,55,0,0
BRDA:187,56,0,0
BRDA:187,57,0,0
BRDA:222,58,0,2
BRDA:194,59,0,8
BRDA:222,60,0,8
BRDA:201,61,0,119
BRDA:207,62,0,7
BRDA:209,63,0,112
BRDA:211,64,0,1
BRDA:215,65,0,6
BRDA:222,66,0,6
BRDA:220,67,0,4
BRF:68
BRH:60
end_of_record
TN:
SF:src/libraUtils.ts
FN:354,__importDefault
FN:45,generateAccountKeys
FN:50,createAddCurrencyToAccountTransaction
FN:75,createGeneralMetadata
FN:98,signTravelRuleMetadata
FN:120,createTravelRuleMetadata
FN:134,createP2PTransaction
FN:170,signTransaction
FN:190,hashTransaction
FN:203,encodeAddress
FN:232,decodeAddress
FN:265,encodeIntent
FN:284,decodeIntent
FN:308,makeCurrencyTypeTag
FN:319,makeAccountAddress
FN:325,parseAccountAddress
FN:336,matchScriptByCode
FNF:17
FNH:16
FNDA:32,__importDefault
FNDA:4,generateAccountKeys
FNDA:0,createAddCurrencyToAccountTransaction
FNDA:9,createGeneralMetadata
FNDA:2,signTravelRuleMetadata
FNDA:2,createTravelRuleMetadata
FNDA:5,createP2PTransaction
FNDA:5,signTransaction
FNDA:2,hashTransaction
FNDA:6,encodeAddress
FNDA:8,decodeAddress
FNDA:2,encodeIntent
FNDA:4,decodeIntent
FNDA:7,makeCurrencyTypeTag
FNDA:31,makeAccountAddress
FNDA:2,parseAccountAddress
FNDA:1,matchScriptByCode
DA:1,1
DA:2,1
DA:3,1
DA:4,1
DA:5,1
DA:6,1
DA:7,1
DA:8,1
DA:9,1
DA:10,1
DA:11,1
DA:12,1
DA:13,1
DA:14,1
DA:15,1
DA:16,1
DA:17,1
DA:18,1
DA:19,1
DA:20,1
DA:21,1
DA:22,1
DA:23,1
DA:24,1
DA:25,1
DA:26,1
DA:27,1
DA:28,1
DA:29,1
DA:30,1
DA:31,1
DA:32,1
DA:33,1
DA:34,1
DA:35,1
DA:36,1
DA:37,1
DA:38,1
DA:39,1
DA:40,1
DA:41,1
DA:42,1
DA:43,1
DA:44,1
DA:45,1
DA:46,4
DA:47,4
DA:48,4
DA:49,1
DA:50,1
DA:51,0
DA:52,0
DA:53,0
DA:54,0
DA:55,0
DA:56,0
DA:57,0
DA:58,0
DA:59,0
DA:60,0
DA:61,0
DA:62,0
DA:63,0
DA:64,0
DA:65,0
DA:66,0
DA:67,0
DA:68,0
DA:69,0
DA:70,0
DA:71,0
DA:72,0
DA:73,0
DA:74,1
DA:75,1
DA:76,9
DA:77,9
DA:78,9
DA:79,9
DA:80,9
DA:81,9
DA:82,9
DA:83,9
DA:84,9
DA:85,9
DA:86,9
DA:87,9
DA:88,9
DA:89,9
DA:90,9
DA:91,9
DA:92,9
DA:93,9
DA:94,9
DA:95,9
DA:96,9
DA:97,1
DA:98,1
DA:99,2
DA:100,2
DA:101,2
DA:102,2
DA:103,2
DA:104,2
DA:105,2
DA:106,2
DA:107,2
DA:108,2
DA:109,2
DA:110,2
DA:111,2
DA:112,2
DA:113,2
DA:114,2
DA:115,2
DA:116,2
DA:117,2
DA:118,2
DA:119,1
DA:120,1
DA:121,2
DA:122,2
DA:123,2
DA:124,2
DA:125,2
DA:126,2
DA:127,2
DA:128,2
DA:129,2
DA:130,2
DA:131,2
DA:132,2
DA:133,1
DA:134,1
DA:135,5
DA:136,5
DA:137,5
DA:138,5
DA:139,5
DA:140,5
DA:141,5
DA:142,5
DA:143,5
DA:144,5
DA:145,5
DA:146,5
DA:147,5
DA:148,5
DA:149,5
DA:150,5
DA:151,5
DA:152,5
DA:153,5
DA:154,5
DA:155,5
DA:156,5
DA:157,5
DA:158,5
DA:159,5
DA:160,5
DA:161,5
DA:162,5
DA:163,5
DA:164,5
DA:165,5
DA:166,5
DA:167,5
DA:168,5
DA:169,1
DA:170,1
DA:171,5
DA:172,5
DA:173,5
DA:174,5
DA:175,5
DA:176,5
DA:177,5
DA:178,5
DA:179,5
DA:180,5
DA:181,5
DA:182,5
DA:183,5
DA:184,5
DA:185,5
DA:186,5
DA:187,5
DA:188,5
DA:189,1
DA:190,1
DA:191,2
DA:192,2
DA:193,2
DA:194,2
DA:195,2
DA:196,2
DA:197,2
DA:198,2
DA:199,2
DA:200,2
DA:201,2
DA:202,1
DA:203,1
DA:204,6
DA:205,6
DA:206,6
DA:207,6
DA:208,6
DA:209,6
DA:210,6
DA:211,6
DA:212,1
DA:213,1
DA:214,1
DA:215,1
DA:216,5
DA:217,6
DA:218,1
DA:219,1
DA:220,1
DA:221,1
DA:222,4
DA:223,4
DA:224,4
DA:225,4
DA:226,4
DA:227,4
DA:228,4
DA:229,4
DA:230,4
DA:231,1
DA:232,1
DA:233,8
DA:234,8
DA:235,8
DA:236,8
DA:237,1
DA:238,1
DA:239,1
DA:240,1
DA:241,7
DA:242,7
DA:243,8
DA:244,2
DA:245,2
DA:246,2
DA:247,2
DA:248,5
DA:249,5
DA:250,5
DA:251,5
DA:252,5
DA:253,8
DA:254,1
DA:255,1
DA:256,1
DA:257,1
DA:258,4
DA:259,4
DA:260,4
DA:261,4
DA:262,8
DA:263,8
DA:264,1
DA:265,1
DA:266,2
DA:267,2
DA:268,2
DA:269,2
DA:270,2
DA:271,2
DA:272,2
DA:273,2
DA:274,2
DA:275,2
DA:276,2
DA:277,2
DA:278,2
DA:279,2
DA:280,2
DA:281,2
DA:282,2
DA:283,1
DA:284,1
DA:285,4
DA:286,4
DA:287,1
DA:288,1
DA:289,3
DA:290,3
DA:291,3
DA:292,3
DA:293,3
DA:294,3
DA:295,3
DA:296,4
DA:297,2
DA:298,2
DA:299,2
DA:300,2
DA:301,2
DA:302,2
DA:303,2
DA:304,2
DA:305,2
DA:306,2
DA:307,1
DA:308,1
DA:309,7
DA:310,7
DA:311,7
DA:312,7
DA:313,7
DA:314,7
DA:315,7
DA:316,7
DA:317,7
DA:318,1
DA:319,1
DA:320,31
DA:321,31
DA:322,31
DA:323,31
DA:324,1
DA:325,1
DA:326,2
DA:327,2
DA:328,2
DA:329,32
DA:330,32
DA:331,32
DA:332,32
DA:333,2
DA:334,2
DA:335,1
DA:336,1
DA:337,1
DA:338,1
DA:339,1
DA:340,34
DA:341,34
DA:342,34
DA:343,34
DA:344,1
DA:345,1
DA:346,0
DA:347,0
DA:348,1
DA:349,0
DA:350,0
DA:351,1
DA:352,1
DA:353,1
DA:354,1
LF:354
LH:327
BRDA:354,0,0,8
BRDA:43,1,0,0
BRDA:354,2,0,32
BRDA:354,3,0,16
BRDA:354,4,0,16
BRDA:45,5,0,4
BRDA:75,6,0,9
BRDA:85,7,0,3
BRDA:85,8,0,6
BRDA:86,9,0,3
BRDA:86,10,0,6
BRDA:87,11,0,1
BRDA:87,12,0,8
BRDA:98,13,0,2
BRDA:120,14,0,2
BRDA:126,15,0,0
BRDA:134,16,0,5
BRDA:170,17,0,5
BRDA:190,18,0,2
BRDA:203,19,0,6
BRDA:209,20,0,3
BRDA:209,21,0,3
BRDA:211,22,0,1
BRDA:215,23,0,5
BRDA:217,24,0,1
BRDA:221,25,0,4
BRDA:232,26,0,8
BRDA:236,27,0,1
BRDA:240,28,0,7
BRDA:243,29,0,2
BRDA:247,30,0,5
BRDA:253,31,0,1
BRDA:257,32,0,4
BRDA:262,33,0,0
BRDA:265,34,0,2
BRDA:284,35,0,4
BRDA:286,36,0,1
BRDA:288,37,0,3
BRDA:296,38,0,2
BRDA:308,39,0,7
BRDA:319,40,0,31
BRDA:321,41,0,448
BRDA:325,42,0,2
BRDA:328,43,0,32
BRDA:336,44,0,1
BRDA:345,45,0,0
BRDA:348,46,0,0
BRDA:339,47,0,34
BRF:48
BRH:43
end_of_record
TN:
SF:src/testnetClient.ts
FN:56,__awaiter
FN:56,adopt
FN:56,fulfilled
FN:56,rejected
FN:56,step
FN:56,__importDefault
FN:16,TestnetClient
FN:30,mint
FNF:8
FNH:8
FNDA:6,__awaiter
FNDA:6,adopt
FNDA:4,fulfilled
FNDA:2,rejected
FNDA:10,step
FNDA:18,__importDefault
FNDA:8,TestnetClient
FNDA:6,mint
DA:1,1
DA:2,1
DA:3,1
DA:4,1
DA:5,1
DA:6,1
DA:7,1
DA:8,1
DA:9,1
DA:10,1
DA:11,1
DA:12,1
DA:13,1
DA:14,1
DA:15,1
DA:16,1
DA:17,8
DA:18,8
DA:19,8
DA:20,8
DA:21,8
DA:22,8
DA:23,8
DA:24,8
DA:25,8
DA:26,8
DA:27,8
DA:28,8
DA:29,1
DA:30,1
DA:31,6
DA:32,6
DA:33,6
DA:34,6
DA:35,6
DA:36,6
DA:37,6
DA:38,6
DA:39,6
DA:40,6
DA:41,6
DA:42,6
DA:43,6
DA:44,4
DA:45,4
DA:46,6
DA:47,2
DA:48,2
DA:49,1
DA:50,1
DA:51,1
DA:52,1
DA:53,0
DA:54,0
DA:55,6
DA:56,1
LF:56
LH:54
BRDA:56,0,0,9
BRDA:56,1,0,6
BRDA:56,2,0,6
BRDA:56,3,0,4
BRDA:56,4,0,2
BRDA:56,5,0,2
BRDA:56,6,0,6
BRDA:56,7,0,4
BRDA:56,8,0,0
BRDA:56,9,0,2
BRDA:56,10,0,10
BRDA:56,11,0,4
BRDA:56,12,0,6
BRDA:56,13,0,18
BRDA:56,14,0,9
BRDA:56,15,0,9
BRDA:16,16,0,8
BRDA:30,17,0,6
BRDA:56,18,0,6
BRDA:43,19,0,4
BRDA:46,20,0,2
BRDA:48,21,0,1
BRDA:52,22,0,0
BRF:23
BRH:21
end_of_record
TN:
SF:src/account/accountKeys.ts
FN:11,AccountKeys
FNF:1
FNH:1
FNDA:12,AccountKeys
DA:1,1
DA:2,1
DA:3,1
DA:4,1
DA:5,1
DA:6,1
DA:7,1
DA:8,1
DA:9,1
DA:10,1
DA:11,1
DA:12,12
DA:13,12
DA:14,12
DA:15,12
DA:16,12
DA:17,12
DA:18,12
DA:19,12
DA:20,12
DA:21,12
DA:22,12
DA:23,12
DA:24,12
DA:25,12
DA:26,1
LF:26
LH:26
BRDA:26,0,0,13
BRDA:11,1,0,12
BRF:2
BRH:2
end_of_record
TN:
SF:src/jsonRpc/client.ts
FN:126,get
FN:126,__setModuleDefault
FN:126,__importStar
FN:126,__awaiter
FN:126,adopt
FN:126,fulfilled
FN:126,rejected
FN:126,step
FN:126,__importDefault
FN:51,exports.JSONStringify
FN:52,exports.JSONParse
FN:67,JsonRpcClient
FN:79,call
FN:91,request
FNF:14
FNH:13
FNDA:28,get
FNDA:0,__setModuleDefault
FNDA:20,__importStar
FNDA:54,__awaiter
FNDA:27,adopt
FNDA:25,fulfilled
FNDA:2,rejected
FNDA:76,step
FNDA:20,__importDefault
FNDA:30,exports.JSONStringify
FNDA:29,exports.JSONParse
FNDA:14,JsonRpcClient
FNDA:27,call
FNDA:27,request
DA:1,1
DA:2,1
DA:3,1
DA:4,1
DA:5,1
DA:6,1
DA:7,1
DA:8,1
DA:9,1
DA:10,1
DA:11,1
DA:12,1
DA:13,1
DA:14,1
DA:15,1
DA:16,1
DA:17,1
DA:18,1
DA:19,1
DA:20,1
DA:21,1
DA:22,1
DA:23,1
DA:24,1
DA:25,1
DA:26,1
DA:27,1
DA:28,1
DA:29,1
DA:30,1
DA:31,1
DA:32,1
DA:33,1
DA:34,1
DA:35,1
DA:36,1
DA:37,1
DA:38,1
DA:39,1
DA:40,1
DA:41,1
DA:42,1
DA:43,1
DA:44,1
DA:45,1
DA:46,1
DA:47,1
DA:48,1
DA:49,1
DA:50,1
DA:51,1
DA:52,1
DA:53,29
DA:54,437
DA:55,88
DA:56,88
DA:57,88
DA:58,0
DA:59,0
DA:60,88
DA:61,349
DA:62,1
DA:63,1
DA:64,1
DA:65,1
DA:66,1
DA:67,1
DA:68,14
DA:69,14
DA:70,14
DA:71,14
DA:72,14
DA:73,14
DA:74,14
DA:75,14
DA:76,14
DA:77,14
DA:78,1
DA:79,1
DA:80,27
DA:81,27
DA:82,27
DA:83,27
DA:84,27
DA:85,27
DA:86,27
DA:87,27
DA:88,27
DA:89,27
DA:90,1
DA:91,1
DA:92,27
DA:93,27
DA:94,27
DA:95,27
DA:96,27
DA:97,27
DA:98,27
DA:99,27
DA:100,27
DA:101,25
DA:102,25
DA:103,25
DA:104,23
DA:105,27
DA:106,2
DA:107,2
DA:108,23
DA:109,23
DA:110,23
DA:111,27
DA:112,1
DA:113,1
DA:114,22
DA:115,22
DA:116,27
DA:117,5
DA:118,2
DA:119,1
DA:120,1
DA:121,1
DA:122,1
DA:123,3
DA:124,3
DA:125,27
DA:126,1
LF:126
LH:124
BRDA:126,0,0,10
BRDA:126,1,0,0
BRDA:126,2,0,0
BRDA:126,3,0,220
BRDA:126,4,0,28
BRDA:126,5,0,20
BRDA:126,6,0,20
BRDA:126,7,0,0
BRDA:126,8,0,220
BRDA:126,9,0,54
BRDA:126,10,0,27
BRDA:126,11,0,0
BRDA:126,12,0,54
BRDA:126,13,0,25
BRDA:126,14,0,3
BRDA:126,15,0,2
BRDA:126,16,0,76
BRDA:126,17,0,49
BRDA:126,18,0,27
BRDA:126,19,0,20
BRDA:126,20,0,0
BRDA:51,21,0,30
BRDA:52,22,0,29
BRDA:53,23,0,437
BRDA:54,24,0,88
BRDA:57,25,0,0
BRDA:60,26,0,349
BRDA:67,27,0,14
BRDA:79,28,0,27
BRDA:126,29,0,27
BRDA:91,30,0,27
BRDA:126,31,0,27
BRDA:100,32,0,25
BRDA:103,33,0,23
BRDA:105,34,0,23
BRDA:105,35,0,2
BRDA:111,36,0,22
BRDA:111,37,0,1
BRDA:116,38,0,5
BRDA:117,39,0,2
BRDA:118,40,0,1
BRDA:122,41,0,3
BRF:42
BRH:36
end_of_record
TN:
SF:src/jsonRpc/errors.ts
FN:5,JsonRpcTransportError
FN:11,JsonRpcNetworkError
FN:17,JsonRpcError
FN:23,JsonRpcProtocolError
FNF:4
FNH:4
FNDA:2,JsonRpcTransportError
FNDA:2,JsonRpcNetworkError
FNDA:10,JsonRpcError
FNDA:4,JsonRpcProtocolError
DA:1,1
DA:2,1
DA:3,1
DA:4,1
DA:5,1
DA:6,2
DA:7,2
DA:8,1
DA:9,1
DA:10,1
DA:11,1
DA:12,2
DA:13,2
DA:14,1
DA:15,1
DA:16,1
DA:17,1
DA:18,10
DA:19,10
DA:20,1
DA:21,1
DA:22,1
DA:23,1
DA:24,4
DA:25,4
DA:26,1
LF:26
LH:26
BRDA:26,0,0,12
BRDA:5,1,0,2
BRDA:11,2,0,2
BRDA:17,3,0,10
BRDA:23,4,0,4
BRF:5
BRH:5
end_of_record
TN:
SF:src/utils/bytes.ts
FN:3,bytesToBuffer
FN:24,bytesFromHexString
FN:30,bytesToHexString
FN:42,concat
FNF:4
FNH:4
FNDA:111,bytesToBuffer
FNDA:58,bytesFromHexString
FNDA:219,bytesToHexString
FNDA:14,concat
DA:1,1
DA:2,1
DA:3,111
DA:4,111
DA:5,111
DA:6,111
DA:7,111
DA:8,54
DA:9,1
DA:10,1
DA:11,53
DA:12,53
DA:13,57
DA:14,111
DA:15,0
DA:16,0
DA:17,0
DA:18,0
DA:19,0
DA:20,0
DA:21,57
DA:22,57
DA:23,1
DA:24,58
DA:25,58
DA:26,58
DA:27,58
DA:28,58
DA:29,1
DA:30,219
DA:31,219
DA:32,96
DA:33,8622
DA:34,96
DA:35,219
DA:36,0
DA:37,0
DA:38,123
DA:39,123
DA:40,123
DA:41,1
DA:42,14
DA:43,14
DA:44,14
DA:45,14
DA:46,14
DA:47,14
DA:48,14
DA:49,14
DA:50,14
DA:51,28
DA:52,28
DA:53,28
DA:54,14
DA:55,14
LF:55
LH:47
BRDA:55,0,0,16
BRDA:3,1,0,111
BRDA:7,2,0,54
BRDA:8,3,0,3
BRDA:8,4,0,1
BRDA:10,5,0,53
BRDA:12,6,0,107
BRDA:12,7,0,57
BRDA:14,8,0,1
BRDA:14,9,0,110
BRDA:14,10,0,0
BRDA:20,11,0,57
BRDA:24,12,0,58
BRDA:26,13,0,1616
BRDA:30,14,0,219
BRDA:31,15,0,96
BRDA:35,16,0,123
BRDA:35,17,0,0
BRDA:32,18,0,8622
BRDA:42,19,0,14
BRDA:50,20,0,28
BRDA:43,21,0,28
BRDA:45,22,0,28
BRDA:46,23,0,28
BRF:24
BRH:22
end_of_record
TN:
SF:src/utils/intent.ts
FN:4,Intent
FNF:1
FNH:1
FNDA:6,Intent
DA:1,1
DA:2,1
DA:3,1
DA:4,1
DA:5,6
DA:6,6
DA:7,6
DA:8,6
DA:9,6
DA:10,6
DA:11,1
LF:11
LH:11
BRDA:11,0,0,8
BRDA:4,1,0,6
BRF:2
BRH:2
end_of_record
TN:
SF:src/utils/signer.ts
FN:53,__importDefault
FN:12,getSeedBuffer
FN:20,hashRawTransaction
FN:29,generateKeyPair
FN:40,signRawTransaction
FN:48,sign
FNF:6
FNH:6
FNDA:10,__importDefault
FNDA:9,getSeedBuffer
FNDA:6,hashRawTransaction
FNDA:9,generateKeyPair
FNDA:6,signRawTransaction
FNDA:8,sign
DA:1,1
DA:2,1
DA:3,1
DA:4,1
DA:5,1
DA:6,1
DA:7,1
DA:8,1
DA:9,1
DA:10,1
DA:11,1
DA:12,1
DA:13,9
DA:14,4
DA:15,4
DA:16,5
DA:17,5
DA:18,5
DA:19,1
DA:20,1
DA:21,6
DA:22,6
DA:23,6
DA:24,6
DA:25,6
DA:26,6
DA:27,6
DA:28,1
DA:29,1
DA:30,9
DA:31,9
DA:32,9
DA:33,9
DA:34,9
DA:35,9
DA:36,9
DA:37,9
DA:38,9
DA:39,1
DA:40,1
DA:41,6
DA:42,6
DA:43,6
DA:44,6
DA:45,6
DA:46,6
DA:47,1
DA:48,1
DA:49,8
DA:50,8
DA:51,8
DA:52,8
DA:53,1
LF:53
LH:53
BRDA:53,0,0,10
BRDA:53,1,0,10
BRDA:53,2,0,0
BRDA:12,3,0,9
BRDA:13,4,0,8
BRDA:13,5,0,4
BRDA:15,6,0,5
BRDA:20,7,0,6
BRDA:29,8,0,9
BRDA:40,9,0,6
BRDA:48,10,0,8
BRF:11
BRH:10
end_of_record
TN:
SF:src/utils/sleep.ts
FN:1,sleep
FNF:1
FNH:1
FNDA:10,sleep
DA:1,10
DA:2,10
DA:3,10
DA:4,10
DA:5,10
LF:5
LH:5
BRDA:5,0,0,9
BRDA:1,1,0,10
BRDA:2,2,0,10
BRF:3
BRH:3
end_of_record
TN:
SF:tests/helpers.ts
FN:178,__awaiter
FN:178,adopt
FN:178,fulfilled
FN:178,rejected
FN:178,step
FN:178,__importDefault
FN:115,generateTransactions
FN:129,generateAccount
FN:133,generateCurrencyInfo
FN:148,generateEvents
FN:152,generateMetadata
FN:166,libraJsonRpcResponse
FNF:12
FNH:9
FNDA:22,__awaiter
FNDA:0,adopt
FNDA:0,fulfilled
FNDA:0,rejected
FNDA:22,step
FNDA:6,__importDefault
FNDA:21,generateTransactions
FNDA:3,generateAccount
FNDA:2,generateCurrencyInfo
FNDA:2,generateEvents
FNDA:3,generateMetadata
FNDA:22,libraJsonRpcResponse
DA:1,1
DA:2,1
DA:3,1
DA:4,1
DA:5,1
DA:6,1
DA:7,1
DA:8,1
DA:9,1
DA:10,1
DA:11,1
DA:12,1
DA:13,1
DA:14,1
DA:15,1
DA:16,1
DA:17,1
DA:18,1
DA:19,1
DA:20,1
DA:21,1
DA:22,1
DA:23,1
DA:24,1
DA:25,1
DA:26,1
DA:27,1
DA:28,1
DA:29,1
DA:30,1
DA:31,1
DA:32,1
DA:33,1
DA:34,1
DA:35,1
DA:36,1
DA:37,1
DA:38,1
DA:39,1
DA:40,1
DA:41,1
DA:42,1
DA:43,1
DA:44,1
DA:45,1
DA:46,1
DA:47,1
DA:48,1
DA:49,1
DA:50,1
DA:51,1
DA:52,1
DA:53,1
DA:54,1
DA:55,1
DA:56,1
DA:57,1
DA:58,1
DA:59,1
DA:60,1
DA:61,1
DA:62,1
DA:63,1
DA:64,1
DA:65,1
DA:66,1
DA:67,1
DA:68,1
DA:69,1
DA:70,1
DA:71,1
DA:72,1
DA:73,1
DA:74,1
DA:75,1
DA:76,1
DA:77,1
DA:78,1
DA:79,1
DA:80,1
DA:81,1
DA:82,1
DA:83,1
DA:84,1
DA:85,1
DA:86,1
DA:87,1
DA:88,1
DA:89,1
DA:90,1
DA:91,1
DA:92,1
DA:93,1
DA:94,1
DA:95,1
DA:96,1
DA:97,1
DA:98,1
DA:99,1
DA:100,1
DA:101,1
DA:102,1
DA:103,1
DA:104,1
DA:105,1
DA:106,1
DA:107,1
DA:108,1
DA:109,1
DA:110,1
DA:111,1
DA:112,1
DA:113,1
DA:114,1
DA:115,21
DA:116,21
DA:117,21
DA:118,21
DA:119,21
DA:120,21
DA:121,46
DA:122,46
DA:123,46
DA:124,46
DA:125,46
DA:126,21
DA:127,21
DA:128,1
DA:129,3
DA:130,3
DA:131,3
DA:132,1
DA:133,2
DA:134,2
DA:135,6
DA:136,6
DA:137,6
DA:138,6
DA:139,6
DA:140,6
DA:141,6
DA:142,6
DA:143,6
DA:144,6
DA:145,2
DA:146,2
DA:147,1
DA:148,2
DA:149,2
DA:150,2
DA:151,1
DA:152,3
DA:153,3
DA:154,3
DA:155,3
DA:156,3
DA:157,3
DA:158,3
DA:159,3
DA:160,3
DA:161,3
DA:162,3
DA:163,3
DA:164,3
DA:165,1
DA:166,22
DA:167,22
DA:168,22
DA:169,22
DA:170,22
DA:171,22
DA:172,22
DA:173,22
DA:174,22
DA:175,22
DA:176,22
DA:177,22
DA:178,22
LF:178
LH:178
BRDA:178,0,0,6
BRDA:178,1,0,22
BRDA:178,2,0,22
BRDA:178,3,0,22
BRDA:178,4,0,0
BRDA:178,5,0,6
BRDA:178,6,0,0
BRDA:115,7,0,21
BRDA:120,8,0,46
BRDA:129,9,0,3
BRDA:133,10,0,2
BRDA:134,11,0,6
BRDA:148,12,0,2
BRDA:152,13,0,3
BRDA:166,14,0,22
BRDA:178,15,0,22
BRF:16
BRH:14
end_of_record
